obj\Debug\netcoreapp3.1\BlazorClient.dll
C:\Users\Bryce\.nuget\packages\microsoft.aspnetcore.blazor.httpclient\3.2.0-preview2.20160.5\lib\netstandard2.0\Microsoft.AspNetCore.Blazor.HttpClient.dll
C:\Users\Bryce\.nuget\packages\system.text.json\4.7.1\lib\netcoreapp3.0\System.Text.Json.dll
C:\Users\Bryce\.nuget\packages\microsoft.aspnetcore.components.webassembly.runtime\3.2.0-preview2.20159.2\build\netstandard1.0\..\..\tools\dotnetwasm\bcl\Facades\System.Reflection.Primitives.dll
C:\Users\Bryce\.nuget\packages\microsoft.aspnetcore.components.webassembly.runtime\3.2.0-preview2.20159.2\build\netstandard1.0\..\..\tools\dotnetwasm\bcl\mscorlib.dll
C:\Users\Bryce\.nuget\packages\microsoft.aspnetcore.components.webassembly.runtime\3.2.0-preview2.20159.2\build\netstandard1.0\..\..\tools\dotnetwasm\bcl\System.Runtime.CompilerServices.Unsafe.dll
C:\Users\Bryce\.nuget\packages\microsoft.aspnetcore.components.webassembly.runtime\3.2.0-preview2.20159.2\build\netstandard1.0\..\..\tools\dotnetwasm\bcl\Facades\System.Threading.dll
C:\Users\Bryce\.nuget\packages\microsoft.aspnetcore.components.webassembly.runtime\3.2.0-preview2.20159.2\build\netstandard1.0\..\..\tools\dotnetwasm\bcl\System.Core.dll
C:\Users\Bryce\.nuget\packages\microsoft.aspnetcore.components.webassembly.runtime\3.2.0-preview2.20159.2\build\netstandard1.0\..\..\tools\dotnetwasm\bcl\System.dll
C:\Users\Bryce\.nuget\packages\microsoft.aspnetcore.components.webassembly.runtime\3.2.0-preview2.20159.2\build\netstandard1.0\..\..\tools\dotnetwasm\framework\WebAssembly.Net.WebSockets.dll
C:\Users\Bryce\.nuget\packages\microsoft.aspnetcore.components.webassembly.runtime\3.2.0-preview2.20159.2\build\netstandard1.0\..\..\tools\dotnetwasm\bcl\Facades\System.Memory.dll
C:\Users\Bryce\.nuget\packages\microsoft.aspnetcore.components.webassembly.runtime\3.2.0-preview2.20159.2\build\netstandard1.0\..\..\tools\dotnetwasm\framework\WebAssembly.Bindings.dll
C:\Users\Bryce\.nuget\packages\microsoft.aspnetcore.components.webassembly.runtime\3.2.0-preview2.20159.2\build\netstandard1.0\..\..\tools\dotnetwasm\bcl\Facades\netstandard.dll
C:\Users\Bryce\.nuget\packages\microsoft.aspnetcore.components.webassembly.runtime\3.2.0-preview2.20159.2\build\netstandard1.0\..\..\tools\dotnetwasm\bcl\System.Xml.Linq.dll
C:\Users\Bryce\.nuget\packages\microsoft.aspnetcore.components.webassembly.runtime\3.2.0-preview2.20159.2\build\netstandard1.0\..\..\tools\dotnetwasm\bcl\System.Xml.dll
C:\Users\Bryce\.nuget\packages\microsoft.aspnetcore.components.webassembly.runtime\3.2.0-preview2.20159.2\build\netstandard1.0\..\..\tools\dotnetwasm\bcl\System.Transactions.dll
C:\Users\Bryce\.nuget\packages\microsoft.aspnetcore.components.webassembly.runtime\3.2.0-preview2.20159.2\build\netstandard1.0\..\..\tools\dotnetwasm\bcl\System.Runtime.Serialization.dll
C:\Users\Bryce\.nuget\packages\microsoft.aspnetcore.components.webassembly.runtime\3.2.0-preview2.20159.2\build\netstandard1.0\..\..\tools\dotnetwasm\bcl\System.ServiceModel.Internals.dll
C:\Users\Bryce\.nuget\packages\microsoft.aspnetcore.components.webassembly.runtime\3.2.0-preview2.20159.2\build\netstandard1.0\..\..\tools\dotnetwasm\bcl\System.Numerics.dll
C:\Users\Bryce\.nuget\packages\microsoft.aspnetcore.components.webassembly.runtime\3.2.0-preview2.20159.2\build\netstandard1.0\..\..\tools\dotnetwasm\bcl\System.Net.Http.dll
C:\Users\Bryce\.nuget\packages\microsoft.aspnetcore.components.webassembly.runtime\3.2.0-preview2.20159.2\build\netstandard1.0\..\..\tools\dotnetwasm\framework\WebAssembly.Net.Http.dll
C:\Users\Bryce\.nuget\packages\microsoft.aspnetcore.components.webassembly.runtime\3.2.0-preview2.20159.2\build\netstandard1.0\..\..\tools\dotnetwasm\bcl\System.ComponentModel.Composition.dll
C:\Users\Bryce\.nuget\packages\microsoft.aspnetcore.components.webassembly.runtime\3.2.0-preview2.20159.2\build\netstandard1.0\..\..\tools\dotnetwasm\bcl\System.IO.Compression.FileSystem.dll
C:\Users\Bryce\.nuget\packages\microsoft.aspnetcore.components.webassembly.runtime\3.2.0-preview2.20159.2\build\netstandard1.0\..\..\tools\dotnetwasm\bcl\System.IO.Compression.dll
C:\Users\Bryce\.nuget\packages\microsoft.aspnetcore.components.webassembly.runtime\3.2.0-preview2.20159.2\build\netstandard1.0\..\..\tools\dotnetwasm\bcl\Facades\System.Drawing.Common.dll
C:\Users\Bryce\.nuget\packages\microsoft.aspnetcore.components.webassembly.runtime\3.2.0-preview2.20159.2\build\netstandard1.0\..\..\tools\dotnetwasm\bcl\System.Data.DataSetExtensions.dll
C:\Users\Bryce\.nuget\packages\microsoft.aspnetcore.components.webassembly.runtime\3.2.0-preview2.20159.2\build\netstandard1.0\..\..\tools\dotnetwasm\bcl\System.Data.dll
C:\Users\Bryce\.nuget\packages\microsoft.aspnetcore.components.webassembly.runtime\3.2.0-preview2.20159.2\build\netstandard1.0\..\..\tools\dotnetwasm\bcl\Mono.Security.dll
C:\Users\Bryce\.nuget\packages\microsoft.aspnetcore.components.webassembly.runtime\3.2.0-preview2.20159.2\build\netstandard1.0\..\..\tools\dotnetwasm\bcl\Facades\System.Buffers.dll
C:\Users\Bryce\.nuget\packages\microsoft.aspnetcore.components.webassembly.runtime\3.2.0-preview2.20159.2\build\netstandard1.0\..\..\tools\dotnetwasm\bcl\Facades\System.Reflection.Emit.ILGeneration.dll
C:\Users\Bryce\.nuget\packages\microsoft.aspnetcore.components.webassembly.runtime\3.2.0-preview2.20159.2\build\netstandard1.0\..\..\tools\dotnetwasm\bcl\Facades\System.Reflection.Emit.Lightweight.dll
C:\Users\Bryce\.nuget\packages\microsoft.aspnetcore.components.webassembly.runtime\3.2.0-preview2.20159.2\build\netstandard1.0\..\..\tools\dotnetwasm\bcl\Facades\System.Collections.Concurrent.dll
C:\Users\Bryce\.nuget\packages\microsoft.aspnetcore.components.webassembly.runtime\3.2.0-preview2.20159.2\build\netstandard1.0\..\..\tools\dotnetwasm\bcl\System.Numerics.Vectors.dll
C:\Users\Bryce\.nuget\packages\microsoft.aspnetcore.components.webassembly.runtime\3.2.0-preview2.20159.2\build\netstandard1.0\..\..\tools\dotnetwasm\bcl\Facades\System.Text.Encoding.Extensions.dll
C:\Users\Bryce\.nuget\packages\microsoft.aspnetcore.components.webassembly.runtime\3.2.0-preview2.20159.2\build\netstandard1.0\..\..\tools\dotnetwasm\bcl\Facades\System.Diagnostics.Debug.dll
C:\Users\Bryce\.nuget\packages\microsoft.aspnetcore.components.webassembly.runtime\3.2.0-preview2.20159.2\build\netstandard1.0\..\..\tools\dotnetwasm\bcl\Facades\System.Threading.Tasks.dll
C:\Users\Bryce\.nuget\packages\microsoft.aspnetcore.components.webassembly.runtime\3.2.0-preview2.20159.2\build\netstandard1.0\..\..\tools\dotnetwasm\bcl\Facades\System.Collections.dll
C:\Users\Bryce\.nuget\packages\system.text.encodings.web\4.5.0\lib\netstandard2.0\System.Text.Encodings.Web.dll
C:\Users\Bryce\.nuget\packages\microsoft.aspnetcore.components.webassembly.runtime\3.2.0-preview2.20159.2\build\netstandard1.0\..\..\tools\dotnetwasm\bcl\Facades\System.Resources.ResourceManager.dll
C:\Users\Bryce\.nuget\packages\microsoft.aspnetcore.components.webassembly.runtime\3.2.0-preview2.20159.2\build\netstandard1.0\..\..\tools\dotnetwasm\bcl\Facades\System.Runtime.Extensions.dll
C:\Users\Bryce\.nuget\packages\microsoft.aspnetcore.components.webassembly.runtime\3.2.0-preview2.20159.2\build\netstandard1.0\..\..\tools\dotnetwasm\bcl\Facades\System.Runtime.dll
C:\Users\Bryce\.nuget\packages\microsoft.extensions.dependencyinjection.abstractions\3.1.2\lib\netstandard2.0\Microsoft.Extensions.DependencyInjection.Abstractions.dll
C:\Users\Bryce\.nuget\packages\microsoft.aspnetcore.components.webassembly.runtime\3.2.0-preview2.20159.2\build\netstandard1.0\..\..\tools\dotnetwasm\bcl\Facades\System.Linq.Expressions.dll
C:\Users\Bryce\.nuget\packages\microsoft.aspnetcore.components.web\3.1.2\lib\netcoreapp3.1\Microsoft.AspNetCore.Components.Web.dll
C:\Users\Bryce\.nuget\packages\microsoft.aspnetcore.components.webassembly.runtime\3.2.0-preview2.20159.2\build\netstandard1.0\..\..\tools\dotnetwasm\bcl\Facades\System.Linq.dll
C:\Users\Bryce\.nuget\packages\microsoft.aspnetcore.components.forms\3.1.2\lib\netcoreapp3.1\Microsoft.AspNetCore.Components.Forms.dll
C:\Users\Bryce\.nuget\packages\microsoft.aspnetcore.components.webassembly.runtime\3.2.0-preview2.20159.2\build\netstandard1.0\..\..\tools\dotnetwasm\bcl\Facades\System.ComponentModel.Annotations.dll
C:\Users\Bryce\.nuget\packages\microsoft.aspnetcore.components.webassembly.runtime\3.2.0-preview2.20159.2\build\netstandard1.0\..\..\tools\dotnetwasm\bcl\System.ComponentModel.DataAnnotations.dll
C:\Users\Bryce\.nuget\packages\microsoft.aspnetcore.components\3.1.2\lib\netcoreapp3.1\Microsoft.AspNetCore.Components.dll
C:\Users\Bryce\.nuget\packages\microsoft.aspnetcore.components.webassembly.runtime\3.2.0-preview2.20159.2\build\netstandard1.0\..\..\tools\dotnetwasm\bcl\Facades\System.Runtime.InteropServices.RuntimeInformation.dll
C:\Users\Bryce\.nuget\packages\microsoft.extensions.logging.abstractions\3.1.2\lib\netstandard2.0\Microsoft.Extensions.Logging.Abstractions.dll
C:\Users\Bryce\.nuget\packages\microsoft.aspnetcore.components.webassembly.runtime\3.2.0-preview2.20159.2\build\netstandard1.0\..\..\tools\dotnetwasm\bcl\Facades\System.ObjectModel.dll
C:\Users\Bryce\.nuget\packages\microsoft.aspnetcore.components.webassembly.runtime\3.2.0-preview2.20159.2\build\netstandard1.0\..\..\tools\dotnetwasm\bcl\Facades\System.ComponentModel.dll
C:\Users\Bryce\.nuget\packages\microsoft.aspnetcore.components.webassembly.runtime\3.2.0-preview2.20159.2\build\netstandard1.0\..\..\tools\dotnetwasm\bcl\Facades\System.ComponentModel.TypeConverter.dll
C:\Users\Bryce\source\repos\Assignment2\SpeakerAPI\bin\Debug\netcoreapp3.1\SpeakerAPI.dll
C:\Users\Bryce\.nuget\packages\microsoft.aspnetcore.components.webassembly.runtime\3.2.0-preview2.20159.2\build\netstandard1.0\..\..\tools\dotnetwasm\bcl\Facades\System.Linq.Queryable.dll
C:\Users\Bryce\.nuget\packages\microsoft.entityframeworkcore.sqlserver\3.1.2\lib\netstandard2.0\Microsoft.EntityFrameworkCore.SqlServer.dll
C:\Users\Bryce\.nuget\packages\microsoft.bcl.hashcode\1.1.0\lib\netcoreapp2.1\Microsoft.Bcl.HashCode.dll
C:\Users\Bryce\.nuget\packages\system.diagnostics.diagnosticsource\4.7.0\lib\netstandard1.3\System.Diagnostics.DiagnosticSource.dll
C:\Users\Bryce\.nuget\packages\microsoft.aspnetcore.components.webassembly.runtime\3.2.0-preview2.20159.2\build\netstandard1.0\..\..\tools\dotnetwasm\bcl\Facades\System.Reflection.dll
C:\Users\Bryce\.nuget\packages\microsoft.aspnetcore.components.webassembly.runtime\3.2.0-preview2.20159.2\build\netstandard1.0\..\..\tools\dotnetwasm\bcl\Facades\System.Diagnostics.Tracing.dll
C:\Users\Bryce\.nuget\packages\microsoft.aspnetcore.components.webassembly.runtime\3.2.0-preview2.20159.2\build\netstandard1.0\..\..\tools\dotnetwasm\bcl\Facades\System.Runtime.InteropServices.dll
C:\Users\Bryce\.nuget\packages\microsoft.extensions.dependencyinjection\3.1.2\lib\netcoreapp3.1\Microsoft.Extensions.DependencyInjection.dll
C:\Users\Bryce\.nuget\packages\microsoft.entityframeworkcore.abstractions\3.1.2\lib\netstandard2.0\Microsoft.EntityFrameworkCore.Abstractions.dll
C:\Users\Bryce\.nuget\packages\microsoft.bcl.asyncinterfaces\1.1.0\lib\netstandard2.1\Microsoft.Bcl.AsyncInterfaces.dll
C:\Users\Bryce\.nuget\packages\microsoft.aspnetcore.components.webassembly.runtime\3.2.0-preview2.20159.2\build\netstandard1.0\..\..\tools\dotnetwasm\bcl\Facades\System.Threading.Tasks.Extensions.dll
C:\Users\Bryce\.nuget\packages\microsoft.data.sqlclient\1.0.19269.1\lib\netcoreapp2.1\Microsoft.Data.SqlClient.dll
C:\Users\Bryce\.nuget\packages\microsoft.aspnetcore.components.webassembly.runtime\3.2.0-preview2.20159.2\build\netstandard1.0\..\..\tools\dotnetwasm\bcl\Facades\System.Diagnostics.Tools.dll
C:\Users\Bryce\.nuget\packages\microsoft.aspnetcore.components.webassembly.runtime\3.2.0-preview2.20159.2\build\netstandard1.0\..\..\tools\dotnetwasm\bcl\Facades\System.Xml.ReaderWriter.dll
C:\Users\Bryce\.nuget\packages\microsoft.aspnetcore.components.webassembly.runtime\3.2.0-preview2.20159.2\build\netstandard1.0\..\..\tools\dotnetwasm\bcl\Facades\System.Security.Cryptography.Cng.dll
C:\Users\Bryce\.nuget\packages\microsoft.aspnetcore.components.webassembly.runtime\3.2.0-preview2.20159.2\build\netstandard1.0\..\..\tools\dotnetwasm\bcl\Facades\System.Collections.NonGeneric.dll
C:\Users\Bryce\.nuget\packages\microsoft.aspnetcore.components.webassembly.runtime\3.2.0-preview2.20159.2\build\netstandard1.0\..\..\tools\dotnetwasm\bcl\Facades\System.Data.Common.dll
C:\Users\Bryce\.nuget\packages\microsoft.entityframeworkcore.relational\3.1.2\lib\netstandard2.0\Microsoft.EntityFrameworkCore.Relational.dll
C:\Users\Bryce\.nuget\packages\microsoft.extensions.caching.abstractions\3.1.2\lib\netcoreapp3.1\Microsoft.Extensions.Caching.Abstractions.dll
C:\Users\Bryce\.nuget\packages\microsoft.extensions.primitives\3.1.2\lib\netcoreapp3.1\Microsoft.Extensions.Primitives.dll
C:\Users\Bryce\.nuget\packages\microsoft.extensions.configuration.abstractions\3.1.2\lib\netcoreapp3.1\Microsoft.Extensions.Configuration.Abstractions.dll
C:\Users\Bryce\.nuget\packages\microsoft.entityframeworkcore\3.1.2\lib\netstandard2.0\Microsoft.EntityFrameworkCore.dll
C:\Users\Bryce\.nuget\packages\microsoft.extensions.options\3.1.2\lib\netcoreapp3.1\Microsoft.Extensions.Options.dll
C:\Users\Bryce\.nuget\packages\microsoft.extensions.caching.memory\3.1.2\lib\netcoreapp3.1\Microsoft.Extensions.Caching.Memory.dll
C:\Users\Bryce\.nuget\packages\microsoft.aspnetcore.components.webassembly.runtime\3.2.0-preview2.20159.2\build\netstandard1.0\..\..\tools\dotnetwasm\bcl\Facades\System.Threading.ThreadPool.dll
C:\Users\Bryce\.nuget\packages\microsoft.extensions.logging\3.1.2\lib\netcoreapp3.1\Microsoft.Extensions.Logging.dll
C:\Users\Bryce\.nuget\packages\system.collections.immutable\1.7.0\lib\netstandard2.0\System.Collections.Immutable.dll
C:\Users\Bryce\.nuget\packages\microsoft.aspnetcore.components.webassembly\3.2.0-preview2.20160.5\lib\netstandard2.1\Microsoft.AspNetCore.Components.WebAssembly.dll
C:\Users\Bryce\.nuget\packages\microsoft.extensions.configuration\3.1.2\lib\netcoreapp3.1\Microsoft.Extensions.Configuration.dll
C:\Users\Bryce\.nuget\packages\microsoft.jsinterop\3.1.2\lib\netcoreapp3.1\Microsoft.JSInterop.dll
C:\Users\Bryce\.nuget\packages\microsoft.jsinterop.webassembly\3.2.0-preview2.20160.5\lib\netstandard2.1\Microsoft.JSInterop.WebAssembly.dll
obj\Debug\netcoreapp3.1\BlazorClient.pdb
C:\Users\Bryce\source\repos\Assignment2\SpeakerAPI\bin\Debug\netcoreapp3.1\SpeakerAPI.pdb
C:\Users\Bryce\.nuget\packages\microsoft.data.sqlclient\1.0.19269.1\lib\netcoreapp2.1\Microsoft.Data.SqlClient.pdb
